{
  "RSpec": {
    "coverage": {
      "/Users/fazlagida/Desktop/ruby7-book/depot/app/controllers/carts_controller.rb": {
        "lines": [
          1,
          1,
          null,
          null,
          1,
          1,
          null,
          null,
          null,
          1,
          null,
          null,
          null,
          1,
          0,
          null,
          null,
          null,
          1,
          null,
          null,
          null,
          1,
          3,
          null,
          3,
          3,
          6,
          3,
          null,
          0,
          0,
          null,
          null,
          null,
          null,
          null,
          1,
          2,
          2,
          4,
          2,
          null,
          0,
          0,
          null,
          null,
          null,
          null,
          null,
          1,
          3,
          null,
          3,
          6,
          3,
          null,
          null,
          null,
          1,
          null,
          1,
          11,
          null,
          null,
          null,
          1,
          5,
          null,
          null
        ]
      },
      "/Users/fazlagida/Desktop/ruby7-book/depot/app/controllers/application_controller.rb": {
        "lines": [
          1,
          1,
          null,
          1,
          8,
          8,
          null,
          null
        ]
      },
      "/Users/fazlagida/Desktop/ruby7-book/depot/app/controllers/products_controller.rb": {
        "lines": [
          1,
          1,
          null,
          null,
          1,
          3,
          null,
          null,
          null,
          1,
          null,
          null,
          null,
          1,
          4,
          null,
          null,
          null,
          1,
          null,
          null,
          null,
          1,
          9,
          null,
          9,
          9,
          8,
          4,
          null,
          10,
          5,
          null,
          null,
          null,
          null,
          null,
          1,
          7,
          7,
          8,
          4,
          null,
          6,
          3,
          null,
          null,
          null,
          null,
          null,
          1,
          4,
          null,
          4,
          8,
          4,
          null,
          null,
          null,
          1,
          null,
          1,
          28,
          null,
          null,
          null,
          1,
          16,
          null,
          null
        ]
      },
      "/Users/fazlagida/Desktop/ruby7-book/depot/app/controllers/store_controller.rb": {
        "lines": [
          1,
          1,
          1,
          null,
          null
        ]
      },
      "/Users/fazlagida/Desktop/ruby7-book/depot/app/models/cart.rb": {
        "lines": [
          1,
          null
        ]
      },
      "/Users/fazlagida/Desktop/ruby7-book/depot/app/models/application_record.rb": {
        "lines": [
          1,
          1,
          null
        ]
      },
      "/Users/fazlagida/Desktop/ruby7-book/depot/app/models/product.rb": {
        "lines": [
          1,
          1,
          1,
          1,
          1,
          null,
          null,
          null,
          null
        ]
      },
      "/Users/fazlagida/Desktop/ruby7-book/depot/app/channels/application_cable/channel.rb": {
        "lines": [
          0,
          0,
          0,
          0
        ],
        "branches": {
        }
      },
      "/Users/fazlagida/Desktop/ruby7-book/depot/app/channels/application_cable/connection.rb": {
        "lines": [
          0,
          0,
          0,
          0
        ],
        "branches": {
        }
      },
      "/Users/fazlagida/Desktop/ruby7-book/depot/app/controllers/concerns/current_chart.rb": {
        "lines": [
          0,
          0,
          null,
          0,
          0,
          0,
          0,
          0,
          0
        ],
        "branches": {
        }
      },
      "/Users/fazlagida/Desktop/ruby7-book/depot/app/jobs/application_job.rb": {
        "lines": [
          0,
          null,
          null,
          null,
          null,
          null,
          0
        ],
        "branches": {
        }
      },
      "/Users/fazlagida/Desktop/ruby7-book/depot/app/mailers/application_mailer.rb": {
        "lines": [
          0,
          0,
          0,
          0
        ],
        "branches": {
        }
      }
    },
    "timestamp": 1673569766
  }
}
